
[1231/155823.069:ERROR:process_memory_win.cc(73)] ReadMemory at 0x7ff628be0000 of 64 bytes failed: Only part of a ReadProcessMemory or WriteProcessMemory request was completed. (0x12B)

[1231/155823.069:ERROR:process_memory_win.cc(73)] ReadMemory at 0x7ff628be0000 of 64 bytes failed: Only part of a ReadProcessMemory or WriteProcessMemory request was completed. (0x12B)

[1231/155823.071:WARNING:pe_image_reader.cc(340)] could not read dos header from C:\Program Files (x86)\Google\Chrome\Application\chrome.exe

[1231/155823.071:ERROR:process_memory_win.cc(73)] ReadMemory at 0x7ffc66800000 of 64 bytes failed: Only part of a ReadProcessMemory or WriteProcessMemory request was completed. (0x12B)

[1231/155823.071:WARNING:pe_image_reader.cc(340)] could not read dos header from C:\WINDOWS\SYSTEM32\ntdll.dll
[1231/155823.071:ERROR:process_memory_win.cc(73)] ReadMemory at 0x7ffc64930000 of 64 bytes failed: Only part of a ReadProcessMemory or WriteProcessMemory request was completed. (0x12B)
[1231/155823.072:WARNING:pe_image_reader.cc(340)] could not read dos header from C:\WINDOWS\System32\KERNEL32.DLL
[1231/155823.072:ERROR:process_memory_win.cc(73)] ReadMemory at 0x7ffc64230000 of 64 bytes failed: Only part of a ReadProcessMemory or WriteProcessMemory request was completed. (0x12B)
[1231/155823.072:WARNING:pe_image_reader.cc(340)] could not read dos header from C:\WINDOWS\System32\KERNELBASE.dll
[1231/155823.072:ERROR:process_memory_win.cc(73)] ReadMemory at 0x7ffc5c2c0000 of 64 bytes failed: Only part of a ReadProcessMemory or WriteProcessMemory request was completed. (0x12B)
[1231/155823.072:WARNING:pe_image_reader.cc(340)] could not read dos header from C:\Program Files (x86)\Google\Chrome\Application\79.0.3945.88\chrome_elf.dll
[1231/155823.072:ERROR:process_memory_win.cc(73)] ReadMemory at 0x7ffc5d3c0000 of 64 bytes failed: Only part of a ReadProcessMemory or WriteProcessMemory request was completed. (0x12B)
[1231/155823.072:WARNING:pe_image_reader.cc(340)] could not read dos header from C:\WINDOWS\SYSTEM32\VERSION.dll
[1231/155823.072:ERROR:process_memory_win.cc(73)] ReadMemory at 0x7ffc659a0000 of 64 bytes failed: Only part of a ReadProcessMemory or WriteProcessMemory request was completed. (0x12B)
[1231/155823.072:WARNING:pe_image_reader.cc(340)] could not read dos header from C:\WINDOWS\System32\msvcrt.dll
[1231/155823.072:ERROR:process_memory_win.cc(73)] ReadMemory at 0x7ffc63790000 of 64 bytes failed: Only part of a ReadProcessMemory or WriteProcessMemory request was completed. (0x12B)
[1231/155823.072:WARNING:pe_image_reader.cc(340)] could not read dos header from C:\WINDOWS\System32\bcryptPrimitives.dll
[1231/155823.072:ERROR:process_memory_win.cc(73)] ReadMemory at 0x7ffc66540000 of 64 bytes failed: Only part of a ReadProcessMemory or WriteProcessMemory request was completed. (0x12B)
[1231/155823.072:WARNING:pe_image_reader.cc(340)] could not read dos header from C:\WINDOWS\System32\ADVAPI32.dll
[1231/155823.072:ERROR:process_memory_win.cc(73)] ReadMemory at 0x7ffc64e60000 of 64 bytes failed: Only part of a ReadProcessMemory or WriteProcessMemory request was completed. (0x12B)
[1231/155823.072:WARNING:pe_image_reader.cc(340)] could not read dos header from C:\WINDOWS\System32\sechost.dll
[1231/155823.072:ERROR:process_memory_win.cc(73)] ReadMemory at 0x7ffc66630000 of 64 bytes failed: Only part of a ReadProcessMemory or WriteProcessMemory request was completed. (0x12B)
[1231/155823.072:WARNING:pe_image_reader.cc(340)] could not read dos header from C:\WINDOWS\System32\RPCRT4.dll
[1231/155823.073:ERROR:process_memory_win.cc(73)] ReadMemory at 0x7ffc2afb0000 of 64 bytes failed: Only part of a ReadProcessMemory or WriteProcessMemory request was completed. (0x12B)
[1231/155823.073:WARNING:pe_image_reader.cc(340)] could not read dos header from C:\Program Files (x86)\Google\Chrome\Application\79.0.3945.88\chrome_child.dll
[1231/155823.073:ERROR:process_memory_win.cc(73)] ReadMemory at 0x7ffc65cb0000 of 64 bytes failed: Only part of a ReadProcessMemory or WriteProcessMemory request was completed. (0x12B)
[1231/155823.073:WARNING:pe_image_reader.cc(340)] could not read dos header from C:\WINDOWS\System32\OLEAUT32.dll
[1231/155823.073:ERROR:process_memory_win.cc(73)] ReadMemory at 0x7ffc647b0000 of 64 bytes failed: Only part of a ReadProcessMemory or WriteProcessMemory request was completed. (0x12B)
[1231/155823.073:WARNING:pe_image_reader.cc(340)] could not read dos header from C:\WINDOWS\System32\msvcp_win.dll
[1231/155823.073:ERROR:process_memory_win.cc(73)] ReadMemory at 0x7ffc64130000 of 64 bytes failed: Only part of a ReadProcessMemory or WriteProcessMemory request was completed. (0x12B)
[1231/155823.073:WARNING:pe_image_reader.cc(340)] could not read dos header from C:\WINDOWS\System32\ucrtbase.dll
[1231/155823.073:ERROR:process_memory_win.cc(73)] ReadMemory at 0x7ffc650b0000 of 64 bytes failed: Only part of a ReadProcessMemory or WriteProcessMemory request was completed. (0x12B)
[1231/155823.073:WARNING:pe_image_reader.cc(340)] could not read dos header from C:\WINDOWS\System32\combase.dll
[1231/155823.073:ERROR:process_memory_win.cc(73)] ReadMemory at 0x7ffc648c0000 of 64 bytes failed: Only part of a ReadProcessMemory or WriteProcessMemory request was completed. (0x12B)
[1231/155823.073:WARNING:pe_image_reader.cc(340)] could not read dos header from C:\WINDOWS\System32\WS2_32.dll
[1231/155823.073:ERROR:process_memory_win.cc(73)] ReadMemory at 0x7ffc64850000 of 64 bytes failed: Only part of a ReadProcessMemory or WriteProcessMemory request was completed. (0x12B)
[1231/155823.074:WARNING:pe_image_reader.cc(340)] could not read dos header from C:\WINDOWS\System32\WINTRUST.dll
[1231/155823.074:ERROR:process_memory_win.cc(73)] ReadMemory at 0x7ffc63750000 of 64 bytes failed: Only part of a ReadProcessMemory or WriteProcessMemory request was completed. (0x12B)
[1231/155823.074:WARNING:pe_image_reader.cc(340)] could not read dos header from C:\WINDOWS\System32\MSASN1.dll
[1231/155823.074:ERROR:process_memory_win.cc(73)] ReadMemory at 0x7ffc645e0000 of 64 bytes failed: Only part of a ReadProcessMemory or WriteProcessMemory request was completed. (0x12B)
[1231/155823.074:WARNING:pe_image_reader.cc(340)] could not read dos header from C:\WINDOWS\System32\CRYPT32.dll
[1231/155823.074:ERROR:process_memory_win.cc(73)] ReadMemory at 0x7ffc62bb0000 of 64 bytes failed: Only part of a ReadProcessMemory or WriteProcessMemory request was completed. (0x12B)
[1231/155823.074:WARNING:pe_image_reader.cc(340)] could not read dos header from C:\WINDOWS\SYSTEM32\IPHLPAPI.DLL
[1231/155823.074:ERROR:process_memory_win.cc(73)] ReadMemory at 0x7ffc611f0000 of 64 bytes failed: Only part of a ReadProcessMemory or WriteProcessMemory request was completed. (0x12B)
[1231/155823.074:WARNING:pe_image_reader.cc(340)] could not read dos header from C:\WINDOWS\SYSTEM32\WINMM.dll
[1231/155823.074:ERROR:process_memory_win.cc(73)] ReadMemory at 0x7ffc635c0000 of 64 bytes failed: Only part of a ReadProcessMemory or WriteProcessMemory request was completed. (0x12B)
[1231/155823.074:WARNING:pe_image_reader.cc(340)] could not read dos header from C:\WINDOWS\SYSTEM32\USERENV.dll
[1231/155823.074:ERROR:process_memory_win.cc(73)] ReadMemory at 0x7ffc63770000 of 64 bytes failed: Only part of a ReadProcessMemory or WriteProcessMemory request was completed. (0x12B)
[1231/155823.074:WARNING:pe_image_reader.cc(340)] could not read dos header from C:\WINDOWS\System32\profapi.dll
[1231/155823.074:ERROR:process_memory_win.cc(73)] ReadMemory at 0x7ffc50a10000 of 64 bytes failed: Only part of a ReadProcessMemory or WriteProcessMemory request was completed. (0x12B)
[1231/155823.074:WARNING:pe_image_reader.cc(340)] could not read dos header from C:\WINDOWS\SYSTEM32\DWrite.dll
[1231/155823.074:ERROR:process_memory_win.cc(73)] ReadMemory at 0x7ffc546f0000 of 64 bytes failed: Only part of a ReadProcessMemory or WriteProcessMemory request was completed. (0x12B)
[1231/155823.074:WARNING:pe_image_reader.cc(340)] could not read dos header from C:\WINDOWS\SYSTEM32\WINSPOOL.DRV
[1231/155823.074:ERROR:process_memory_win.cc(73)] ReadMemory at 0x7ffc636e0000 of 64 bytes failed: Only part of a ReadProcessMemory or WriteProcessMemory request was completed. (0x12B)
[1231/155823.074:WARNING:pe_image_reader.cc(340)] could not read dos header from C:\WINDOWS\System32\kernel.appcore.dll
[1231/155823.075:ERROR:process_memory_win.cc(73)] ReadMemory at 0x7ffc64760000 of 64 bytes failed: Only part of a ReadProcessMemory or WriteProcessMemory request was completed. (0x12B)
[1231/155823.075:WARNING:pe_image_reader.cc(340)] could not read dos header from C:\WINDOWS\System32\bcrypt.dll
[1231/155823.075:ERROR:process_memory_win.cc(73)] ReadMemory at 0x7ffc47690000 of 64 bytes failed: Only part of a ReadProcessMemory or WriteProcessMemory request was completed. (0x12B)
[1231/155823.075:WARNING:pe_image_reader.cc(340)] could not read dos header from C:\WINDOWS\SYSTEM32\dbghelp.dll
[1231/155823.075:ERROR:process_memory_win.cc(73)] ReadMemory at 0x7ffc505a0000 of 64 bytes failed: Only part of a ReadProcessMemory or WriteProcessMemory request was completed. (0x12B)
[1231/155823.075:WARNING:pe_image_reader.cc(340)] could not read dos header from C:\WINDOWS\SYSTEM32\Secur32.dll
[1231/155823.075:ERROR:process_memory_win.cc(73)] ReadMemory at 0x7ffc59510000 of 64 bytes failed: Only part of a ReadProcessMemory or WriteProcessMemory request was completed. (0x12B)
[1231/155823.075:WARNING:pe_image_reader.cc(340)] could not read dos header from C:\WINDOWS\SYSTEM32\WINHTTP.dll
[1231/155823.075:ERROR:process_memory_win.cc(73)] ReadMemory at 0x7ffc5a4e0000 of 64 bytes failed: Only part of a ReadProcessMemory or WriteProcessMemory request was completed. (0x12B)
[1231/155823.075:WARNING:pe_image_reader.cc(340)] could not read dos header from C:\WINDOWS\SYSTEM32\dhcpcsvc.DLL
[1231/155823.075:ERROR:process_memory_win.cc(73)] ReadMemory at 0x7ffc648b0000 of 64 bytes failed: Only part of a ReadProcessMemory or WriteProcessMemory request was completed. (0x12B)
[1231/155823.075:WARNING:pe_image_reader.cc(340)] could not read dos header from C:\WINDOWS\System32\NSI.dll
[1231/155823.075:ERROR:process_memory_win.cc(73)] ReadMemory at 0x7ffc61190000 of 64 bytes failed: Only part of a ReadProcessMemory or WriteProcessMemory request was completed. (0x12B)
[1231/155823.075:WARNING:pe_image_reader.cc(340)] could not read dos header from C:\WINDOWS\SYSTEM32\WINMMBASE.dll
[1231/155823.075:ERROR:process_memory_win.cc(73)] ReadMemory at 0x7ffc64590000 of 64 bytes failed: Only part of a ReadProcessMemory or WriteProcessMemory request was completed. (0x12B)
[1231/155823.075:WARNING:pe_image_reader.cc(340)] could not read dos header from C:\WINDOWS\System32\cfgmgr32.dll
[1231/155823.075:ERROR:process_memory_win.cc(73)] ReadMemory at 0x7ffc60050000 of 64 bytes failed: Only part of a ReadProcessMemory or WriteProcessMemory request was completed. (0x12B)
[1231/155823.075:WARNING:pe_image_reader.cc(340)] could not read dos header from C:\WINDOWS\SYSTEM32\PROPSYS.dll
[1231/155823.075:ERROR:process_memory_win.cc(73)] ReadMemory at 0x7ffc64f80000 of 64 bytes failed: Only part of a ReadProcessMemory or WriteProcessMemory request was completed. (0x12B)
[1231/155823.075:WARNING:pe_image_reader.cc(340)] could not read dos header from C:\WINDOWS\System32\shcore.dll
[1231/155823.075:ERROR:process_memory_win.cc(73)] ReadMemory at 0x7ffc635f0000 of 64 bytes failed: Only part of a ReadProcessMemory or WriteProcessMemory request was completed. (0x12B)
[1231/155823.075:WARNING:pe_image_reader.cc(340)] could not read dos header from C:\WINDOWS\SYSTEM32\SSPICLI.DLL
[1231/155823.075:ERROR:process_memory_win.cc(73)] ReadMemory at 0x7ffc65e50000 of 64 bytes failed: Only part of a ReadProcessMemory or WriteProcessMemory request was completed. (0x12B)
[1231/155823.075:WARNING:pe_image_reader.cc(340)] could not read dos header from C:\WINDOWS\System32\SHELL32.dll
[1231/155823.075:ERROR:process_memory_win.cc(73)] ReadMemory at 0x7ffc639b0000 of 64 bytes failed: Only part of a ReadProcessMemory or WriteProcessMemory request was completed. (0x12B)
[1231/155823.075:WARNING:pe_image_reader.cc(340)] could not read dos header from C:\WINDOWS\System32\windows.storage.dll
[1231/155823.075:ERROR:process_memory_win.cc(73)] ReadMemory at 0x7ffc63700000 of 64 bytes failed: Only part of a ReadProcessMemory or WriteProcessMemory request was completed. (0x12B)
[1231/155823.076:WARNING:pe_image_reader.cc(340)] could not read dos header from C:\WINDOWS\System32\powrprof.dll
[1231/155823.076:ERROR:process_memory_win.cc(73)] ReadMemory at 0x7ffc636d0000 of 64 bytes failed: Only part of a ReadProcessMemory or WriteProcessMemory request was completed. (0x12B)
[1231/155823.076:WARNING:pe_image_reader.cc(340)] could not read dos header from C:\WINDOWS\System32\UMPDC.dll
[1231/155823.076:ERROR:process_memory_win.cc(73)] ReadMemory at 0x7ffc65c20000 of 64 bytes failed: Only part of a ReadProcessMemory or WriteProcessMemory request was completed. (0x12B)
[1231/155823.076:WARNING:pe_image_reader.cc(340)] could not read dos header from C:\WINDOWS\System32\shlwapi.dll
[1231/155823.076:ERROR:process_memory_win.cc(73)] ReadMemory at 0x7ffc65c80000 of 64 bytes failed: Only part of a ReadProcessMemory or WriteProcessMemory request was completed. (0x12B)
[1231/155823.076:WARNING:pe_image_reader.cc(340)] could not read dos header from C:\WINDOWS\System32\GDI32.dll
[1231/155823.076:ERROR:process_memory_win.cc(73)] ReadMemory at 0x7ffc64730000 of 64 bytes failed: Only part of a ReadProcessMemory or WriteProcessMemory request was completed. (0x12B)
[1231/155823.076:WARNING:pe_image_reader.cc(340)] could not read dos header from C:\WINDOWS\System32\win32u.dll
[1231/155823.076:ERROR:process_memory_win.cc(73)] ReadMemory at 0x7ffc63810000 of 64 bytes failed: Only part of a ReadProcessMemory or WriteProcessMemory request was completed. (0x12B)
[1231/155823.076:WARNING:pe_image_reader.cc(340)] could not read dos header from C:\WINDOWS\System32\gdi32full.dll
[1231/155823.076:ERROR:process_memory_win.cc(73)] ReadMemory at 0x7ffc65740000 of 64 bytes failed: Only part of a ReadProcessMemory or WriteProcessMemory request was completed. (0x12B)
[1231/155823.076:WARNING:pe_image_reader.cc(340)] could not read dos header from C:\WINDOWS\System32\USER32.dll
[1231/155823.076:ERROR:process_memory_win.cc(73)] ReadMemory at 0x7ffc64790000 of 64 bytes failed: Only part of a ReadProcessMemory or WriteProcessMemory request was completed. (0x12B)
[1231/155823.076:WARNING:pe_image_reader.cc(340)] could not read dos header from C:\WINDOWS\System32\cryptsp.dll
[1231/155823.076:ERROR:process_memory_win.cc(73)] ReadMemory at 0x7ffc66600000 of 64 bytes failed: Only part of a ReadProcessMemory or WriteProcessMemory request was completed. (0x12B)
[1231/155823.076:WARNING:pe_image_reader.cc(340)] could not read dos header from C:\WINDOWS\System32\IMM32.DLL
[1231/155823.076:ERROR:process_memory_win.cc(73)] ReadMemory at 0x7ffc63070000 of 64 bytes failed: Only part of a ReadProcessMemory or WriteProcessMemory request was completed. (0x12B)
[1231/155823.076:WARNING:pe_image_reader.cc(340)] could not read dos header from C:\WINDOWS\SYSTEM32\CRYPTBASE.DLL
[1231/155823.076:ERROR:process_memory_win.cc(73)] ReadMemory at 0x7ff628be0000 of 64 bytes failed: Only part of a ReadProcessMemory or WriteProcessMemory request was completed. (0x12B)
[1231/155823.076:WARNING:pe_image_reader.cc(340)] could not read dos header from C:\Program Files (x86)\Google\Chrome\Application\chrome.exe
[1231/155823.076:ERROR:process_memory_win.cc(73)] ReadMemory at 0x7ffc66800000 of 64 bytes failed: Only part of a ReadProcessMemory or WriteProcessMemory request was completed. (0x12B)
[1231/155823.076:WARNING:pe_image_reader.cc(340)] could not read dos header from C:\WINDOWS\SYSTEM32\ntdll.dll
[1231/155823.076:ERROR:process_memory_win.cc(73)] ReadMemory at 0x7ffc64930000 of 64 bytes failed: Only part of a ReadProcessMemory or WriteProcessMemory request was completed. (0x12B)
[1231/155823.076:WARNING:pe_image_reader.cc(340)] could not read dos header from C:\WINDOWS\System32\KERNEL32.DLL
[1231/155823.076:ERROR:process_memory_win.cc(73)] ReadMemory at 0x7ffc64230000 of 64 bytes failed: Only part of a ReadProcessMemory or WriteProcessMemory request was completed. (0x12B)
[1231/155823.076:WARNING:pe_image_reader.cc(340)] could not read dos header from C:\WINDOWS\System32\KERNELBASE.dll
[1231/155823.076:ERROR:process_memory_win.cc(73)] ReadMemory at 0x7ffc5c2c0000 of 64 bytes failed: Only part of a ReadProcessMemory or WriteProcessMemory request was completed. (0x12B)
[1231/155823.076:WARNING:pe_image_reader.cc(340)] could not read dos header from C:\Program Files (x86)\Google\Chrome\Application\79.0.3945.88\chrome_elf.dll
[1231/155823.076:ERROR:process_memory_win.cc(73)] ReadMemory at 0x7ffc5d3c0000 of 64 bytes failed: Only part of a ReadProcessMemory or WriteProcessMemory request was completed. (0x12B)
[1231/155823.077:WARNING:pe_image_reader.cc(340)] could not read dos header from C:\WINDOWS\SYSTEM32\VERSION.dll
[1231/155823.077:ERROR:process_memory_win.cc(73)] ReadMemory at 0x7ffc659a0000 of 64 bytes failed: Only part of a ReadProcessMemory or WriteProcessMemory request was completed. (0x12B)
[1231/155823.077:WARNING:pe_image_reader.cc(340)] could not read dos header from C:\WINDOWS\System32\msvcrt.dll
[1231/155823.077:ERROR:process_memory_win.cc(73)] ReadMemory at 0x7ffc63790000 of 64 bytes failed: Only part of a ReadProcessMemory or WriteProcessMemory request was completed. (0x12B)
[1231/155823.077:WARNING:pe_image_reader.cc(340)] could not read dos header from C:\WINDOWS\System32\bcryptPrimitives.dll
[1231/155823.077:ERROR:process_memory_win.cc(73)] ReadMemory at 0x7ffc66540000 of 64 bytes failed: Only part of a ReadProcessMemory or WriteProcessMemory request was completed. (0x12B)
[1231/155823.077:WARNING:pe_image_reader.cc(340)] could not read dos header from C:\WINDOWS\System32\ADVAPI32.dll
[1231/155823.077:ERROR:process_memory_win.cc(73)] ReadMemory at 0x7ffc64e60000 of 64 bytes failed: Only part of a ReadProcessMemory or WriteProcessMemory request was completed. (0x12B)
[1231/155823.077:WARNING:pe_image_reader.cc(340)] could not read dos header from C:\WINDOWS\System32\sechost.dll
[1231/155823.077:ERROR:process_memory_win.cc(73)] ReadMemory at 0x7ffc66630000 of 64 bytes failed: Only part of a ReadProcessMemory or WriteProcessMemory request was completed. (0x12B)
[1231/155823.077:WARNING:pe_image_reader.cc(340)] could not read dos header from C:\WINDOWS\System32\RPCRT4.dll
[1231/155823.077:ERROR:process_memory_win.cc(73)] ReadMemory at 0x7ffc2afb0000 of 64 bytes failed: Only part of a ReadProcessMemory or WriteProcessMemory request was completed. (0x12B)
[1231/155823.077:WARNING:pe_image_reader.cc(340)] could not read dos header from C:\Program Files (x86)\Google\Chrome\Application\79.0.3945.88\chrome_child.dll
[1231/155823.077:ERROR:process_memory_win.cc(73)] ReadMemory at 0x7ffc65cb0000 of 64 bytes failed: Only part of a ReadProcessMemory or WriteProcessMemory request was completed. (0x12B)
[1231/155823.077:WARNING:pe_image_reader.cc(340)] could not read dos header from C:\WINDOWS\System32\OLEAUT32.dll
[1231/155823.077:ERROR:process_memory_win.cc(73)] ReadMemory at 0x7ffc647b0000 of 64 bytes failed: Only part of a ReadProcessMemory or WriteProcessMemory request was completed. (0x12B)
[1231/155823.077:WARNING:pe_image_reader.cc(340)] could not read dos header from C:\WINDOWS\System32\msvcp_win.dll
[1231/155823.077:ERROR:process_memory_win.cc(73)] ReadMemory at 0x7ffc64130000 of 64 bytes failed: Only part of a ReadProcessMemory or WriteProcessMemory request was completed. (0x12B)
[1231/155823.077:WARNING:pe_image_reader.cc(340)] could not read dos header from C:\WINDOWS\System32\ucrtbase.dll
[1231/155823.077:ERROR:process_memory_win.cc(73)] ReadMemory at 0x7ffc650b0000 of 64 bytes failed: Only part of a ReadProcessMemory or WriteProcessMemory request was completed. (0x12B)
[1231/155823.077:WARNING:pe_image_reader.cc(340)] could not read dos header from C:\WINDOWS\System32\combase.dll
[1231/155823.077:ERROR:process_memory_win.cc(73)] ReadMemory at 0x7ffc648c0000 of 64 bytes failed: Only part of a ReadProcessMemory or WriteProcessMemory request was completed. (0x12B)
[1231/155823.077:WARNING:pe_image_reader.cc(340)] could not read dos header from C:\WINDOWS\System32\WS2_32.dll
[1231/155823.077:ERROR:process_memory_win.cc(73)] ReadMemory at 0x7ffc64850000 of 64 bytes failed: Only part of a ReadProcessMemory or WriteProcessMemory request was completed. (0x12B)
[1231/155823.077:WARNING:pe_image_reader.cc(340)] could not read dos header from C:\WINDOWS\System32\WINTRUST.dll
[1231/155823.077:ERROR:process_memory_win.cc(73)] ReadMemory at 0x7ffc63750000 of 64 bytes failed: Only part of a ReadProcessMemory or WriteProcessMemory request was completed. (0x12B)
[1231/155823.077:WARNING:pe_image_reader.cc(340)] could not read dos header from C:\WINDOWS\System32\MSASN1.dll
[1231/155823.077:ERROR:process_memory_win.cc(73)] ReadMemory at 0x7ffc645e0000 of 64 bytes failed: Only part of a ReadProcessMemory or WriteProcessMemory request was completed. (0x12B)
[1231/155823.077:WARNING:pe_image_reader.cc(340)] could not read dos header from C:\WINDOWS\System32\CRYPT32.dll
[1231/155823.077:ERROR:process_memory_win.cc(73)] ReadMemory at 0x7ffc62bb0000 of 64 bytes failed: Only part of a ReadProcessMemory or WriteProcessMemory request was completed. (0x12B)
[1231/155823.077:WARNING:pe_image_reader.cc(340)] could not read dos header from C:\WINDOWS\SYSTEM32\IPHLPAPI.DLL
[1231/155823.077:ERROR:process_memory_win.cc(73)] ReadMemory at 0x7ffc611f0000 of 64 bytes failed: Only part of a ReadProcessMemory or WriteProcessMemory request was completed. (0x12B)
[1231/155823.077:WARNING:pe_image_reader.cc(340)] could not read dos header from C:\WINDOWS\SYSTEM32\WINMM.dll
[1231/155823.077:ERROR:process_memory_win.cc(73)] ReadMemory at 0x7ffc635c0000 of 64 bytes failed: Only part of a ReadProcessMemory or WriteProcessMemory request was completed. (0x12B)
[1231/155823.077:WARNING:pe_image_reader.cc(340)] could not read dos header from C:\WINDOWS\SYSTEM32\USERENV.dll
[1231/155823.077:ERROR:process_memory_win.cc(73)] ReadMemory at 0x7ffc63770000 of 64 bytes failed: Only part of a ReadProcessMemory or WriteProcessMemory request was completed. (0x12B)
[1231/155823.077:WARNING:pe_image_reader.cc(340)] could not read dos header from C:\WINDOWS\System32\profapi.dll
[1231/155823.078:ERROR:process_memory_win.cc(73)] ReadMemory at 0x7ffc50a10000 of 64 bytes failed: Only part of a ReadProcessMemory or WriteProcessMemory request was completed. (0x12B)
[1231/155823.078:WARNING:pe_image_reader.cc(340)] could not read dos header from C:\WINDOWS\SYSTEM32\DWrite.dll
[1231/155823.078:ERROR:process_memory_win.cc(73)] ReadMemory at 0x7ffc546f0000 of 64 bytes failed: Only part of a ReadProcessMemory or WriteProcessMemory request was completed. (0x12B)
[1231/155823.078:WARNING:pe_image_reader.cc(340)] could not read dos header from C:\WINDOWS\SYSTEM32\WINSPOOL.DRV
[1231/155823.078:ERROR:process_memory_win.cc(73)] ReadMemory at 0x7ffc636e0000 of 64 bytes failed: Only part of a ReadProcessMemory or WriteProcessMemory request was completed. (0x12B)
[1231/155823.078:WARNING:pe_image_reader.cc(340)] could not read dos header from C:\WINDOWS\System32\kernel.appcore.dll
[1231/155823.078:ERROR:process_memory_win.cc(73)] ReadMemory at 0x7ffc64760000 of 64 bytes failed: Only part of a ReadProcessMemory or WriteProcessMemory request was completed. (0x12B)
[1231/155823.078:WARNING:pe_image_reader.cc(340)] could not read dos header from C:\WINDOWS\System32\bcrypt.dll
[1231/155823.078:ERROR:process_memory_win.cc(73)] ReadMemory at 0x7ffc47690000 of 64 bytes failed: Only part of a ReadProcessMemory or WriteProcessMemory request was completed. (0x12B)
[1231/155823.079:WARNING:pe_image_reader.cc(340)] could not read dos header from C:\WINDOWS\SYSTEM32\dbghelp.dll
[1231/155823.079:ERROR:process_memory_win.cc(73)] ReadMemory at 0x7ffc505a0000 of 64 bytes failed: Only part of a ReadProcessMemory or WriteProcessMemory request was completed. (0x12B)
[1231/155823.079:WARNING:pe_image_reader.cc(340)] could not read dos header from C:\WINDOWS\SYSTEM32\Secur32.dll
[1231/155823.079:ERROR:process_memory_win.cc(73)] ReadMemory at 0x7ffc59510000 of 64 bytes failed: Only part of a ReadProcessMemory or WriteProcessMemory request was completed. (0x12B)
[1231/155823.079:WARNING:pe_image_reader.cc(340)] could not read dos header from C:\WINDOWS\SYSTEM32\WINHTTP.dll
[1231/155823.079:ERROR:process_memory_win.cc(73)] ReadMemory at 0x7ffc5a4e0000 of 64 bytes failed: Only part of a ReadProcessMemory or WriteProcessMemory request was completed. (0x12B)
[1231/155823.079:WARNING:pe_image_reader.cc(340)] could not read dos header from C:\WINDOWS\SYSTEM32\dhcpcsvc.DLL
[1231/155823.079:ERROR:process_memory_win.cc(73)] ReadMemory at 0x7ffc648b0000 of 64 bytes failed: Only part of a ReadProcessMemory or WriteProcessMemory request was completed. (0x12B)
[1231/155823.079:WARNING:pe_image_reader.cc(340)] could not read dos header from C:\WINDOWS\System32\NSI.dll
[1231/155823.079:ERROR:process_memory_win.cc(73)] ReadMemory at 0x7ffc61190000 of 64 bytes failed: Only part of a ReadProcessMemory or WriteProcessMemory request was completed. (0x12B)
[1231/155823.079:WARNING:pe_image_reader.cc(340)] could not read dos header from C:\WINDOWS\SYSTEM32\WINMMBASE.dll
[1231/155823.079:ERROR:process_memory_win.cc(73)] ReadMemory at 0x7ffc64590000 of 64 bytes failed: Only part of a ReadProcessMemory or WriteProcessMemory request was completed. (0x12B)
[1231/155823.079:WARNING:pe_image_reader.cc(340)] could not read dos header from C:\WINDOWS\System32\cfgmgr32.dll
[1231/155823.079:ERROR:process_memory_win.cc(73)] ReadMemory at 0x7ffc60050000 of 64 bytes failed: Only part of a ReadProcessMemory or WriteProcessMemory request was completed. (0x12B)
[1231/155823.079:WARNING:pe_image_reader.cc(340)] could not read dos header from C:\WINDOWS\SYSTEM32\PROPSYS.dll
[1231/155823.079:ERROR:process_memory_win.cc(73)] ReadMemory at 0x7ffc64f80000 of 64 bytes failed: Only part of a ReadProcessMemory or WriteProcessMemory request was completed. (0x12B)
[1231/155823.079:WARNING:pe_image_reader.cc(340)] could not read dos header from C:\WINDOWS\System32\shcore.dll
[1231/155823.079:ERROR:process_memory_win.cc(73)] ReadMemory at 0x7ffc635f0000 of 64 bytes failed: Only part of a ReadProcessMemory or WriteProcessMemory request was completed. (0x12B)
[1231/155823.079:WARNING:pe_image_reader.cc(340)] could not read dos header from C:\WINDOWS\SYSTEM32\SSPICLI.DLL
[1231/155823.079:ERROR:process_memory_win.cc(73)] ReadMemory at 0x7ffc65e50000 of 64 bytes failed: Only part of a ReadProcessMemory or WriteProcessMemory request was completed. (0x12B)
[1231/155823.080:WARNING:pe_image_reader.cc(340)] could not read dos header from C:\WINDOWS\System32\SHELL32.dll
[1231/155823.080:ERROR:process_memory_win.cc(73)] ReadMemory at 0x7ffc639b0000 of 64 bytes failed: Only part of a ReadProcessMemory or WriteProcessMemory request was completed. (0x12B)
[1231/155823.080:WARNING:pe_image_reader.cc(340)] could not read dos header from C:\WINDOWS\System32\windows.storage.dll
[1231/155823.080:ERROR:process_memory_win.cc(73)] ReadMemory at 0x7ffc63700000 of 64 bytes failed: Only part of a ReadProcessMemory or WriteProcessMemory request was completed. (0x12B)
[1231/155823.080:WARNING:pe_image_reader.cc(340)] could not read dos header from C:\WINDOWS\System32\powrprof.dll
[1231/155823.080:ERROR:process_memory_win.cc(73)] ReadMemory at 0x7ffc636d0000 of 64 bytes failed: Only part of a ReadProcessMemory or WriteProcessMemory request was completed. (0x12B)
[1231/155823.080:WARNING:pe_image_reader.cc(340)] could not read dos header from C:\WINDOWS\System32\UMPDC.dll
[1231/155823.080:ERROR:process_memory_win.cc(73)] ReadMemory at 0x7ffc65c20000 of 64 bytes failed: Only part of a ReadProcessMemory or WriteProcessMemory request was completed. (0x12B)
[1231/155823.080:WARNING:pe_image_reader.cc(340)] could not read dos header from C:\WINDOWS\System32\shlwapi.dll
[1231/155823.080:ERROR:process_memory_win.cc(73)] ReadMemory at 0x7ffc65c80000 of 64 bytes failed: Only part of a ReadProcessMemory or WriteProcessMemory request was completed. (0x12B)
[1231/155823.080:WARNING:pe_image_reader.cc(340)] could not read dos header from C:\WINDOWS\System32\GDI32.dll
[1231/155823.080:ERROR:process_memory_win.cc(73)] ReadMemory at 0x7ffc64730000 of 64 bytes failed: Only part of a ReadProcessMemory or WriteProcessMemory request was completed. (0x12B)
[1231/155823.080:WARNING:pe_image_reader.cc(340)] could not read dos header from C:\WINDOWS\System32\win32u.dll
[1231/155823.080:ERROR:process_memory_win.cc(73)] ReadMemory at 0x7ffc63810000 of 64 bytes failed: Only part of a ReadProcessMemory or WriteProcessMemory request was completed. (0x12B)
[1231/155823.080:WARNING:pe_image_reader.cc(340)] could not read dos header from C:\WINDOWS\System32\gdi32full.dll
[1231/155823.080:ERROR:process_memory_win.cc(73)] ReadMemory at 0x7ffc65740000 of 64 bytes failed: Only part of a ReadProcessMemory or WriteProcessMemory request was completed. (0x12B)
[1231/155823.080:WARNING:pe_image_reader.cc(340)] could not read dos header from C:\WINDOWS\System32\USER32.dll
[1231/155823.080:ERROR:process_memory_win.cc(73)] ReadMemory at 0x7ffc64790000 of 64 bytes failed: Only part of a ReadProcessMemory or WriteProcessMemory request was completed. (0x12B)
[1231/155823.080:WARNING:pe_image_reader.cc(340)] could not read dos header from C:\WINDOWS\System32\cryptsp.dll
[1231/155823.080:ERROR:process_memory_win.cc(73)] ReadMemory at 0x7ffc66600000 of 64 bytes failed: Only part of a ReadProcessMemory or WriteProcessMemory request was completed. (0x12B)
[1231/155823.080:WARNING:pe_image_reader.cc(340)] could not read dos header from C:\WINDOWS\System32\IMM32.DLL
[1231/155823.080:ERROR:process_memory_win.cc(73)] ReadMemory at 0x7ffc63070000 of 64 bytes failed: Only part of a ReadProcessMemory or WriteProcessMemory request was completed. (0x12B)
[1231/155823.080:WARNING:pe_image_reader.cc(340)] could not read dos header from C:\WINDOWS\SYSTEM32\CRYPTBASE.DLL
[1231/155823.103:ERROR:process_memory_win.cc(73)] ReadMemory at 0x4b699ed000 of 77824 bytes failed: Only part of a ReadProcessMemory or WriteProcessMemory request was completed. (0x12B)
[1231/155823.103:ERROR:process_memory_win.cc(73)] ReadMemory at 0x4b6a1fd000 of 12288 bytes failed: Only part of a ReadProcessMemory or WriteProcessMemory request was completed. (0x12B)
[1231/155823.103:ERROR:process_memory_win.cc(73)] ReadMemory at 0x4b6a9fc000 of 16384 bytes failed: Only part of a ReadProcessMemory or WriteProcessMemory request was completed. (0x12B)
[1231/155823.103:ERROR:process_memory_win.cc(73)] ReadMemory at 0x4b6b1fc000 of 16384 bytes failed: Only part of a ReadProcessMemory or WriteProcessMemory request was completed. (0x12B)
[1231/155823.104:ERROR:process_memory_win.cc(73)] ReadMemory at 0x4b6b9fc000 of 16384 bytes failed: Only part of a ReadProcessMemory or WriteProcessMemory request was completed. (0x12B)
[1231/155823.104:ERROR:process_memory_win.cc(73)] ReadMemory at 0x4b6c1fe000 of 8192 bytes failed: Only part of a ReadProcessMemory or WriteProcessMemory request was completed. (0x12B)
[1231/155823.104:ERROR:process_memory_win.cc(73)] ReadMemory at 0x4b6c9fd000 of 12288 bytes failed: Only part of a ReadProcessMemory or WriteProcessMemory request was completed. (0x12B)
[1231/155823.104:ERROR:process_memory_win.cc(73)] ReadMemory at 0x4b6d1fb000 of 20480 bytes failed: Only part of a ReadProcessMemory or WriteProcessMemory request was completed. (0x12B)
[1231/155823.104:ERROR:process_memory_win.cc(73)] ReadMemory at 0x4b6d9fd000 of 12288 bytes failed: Only part of a ReadProcessMemory or WriteProcessMemory request was completed. (0x12B)
[1231/155823.104:ERROR:process_memory_win.cc(73)] ReadMemory at 0x4b6e1f6000 of 40960 bytes failed: Only part of a ReadProcessMemory or WriteProcessMemory request was completed. (0x12B)
[1231/155823.104:ERROR:process_memory_win.cc(73)] ReadMemory at 0x4b6e9f6000 of 40960 bytes failed: Only part of a ReadProcessMemory or WriteProcessMemory request was completed. (0x12B)
[1231/155823.104:ERROR:process_memory_win.cc(73)] ReadMemory at 0x4b6f1fd000 of 12288 bytes failed: Only part of a ReadProcessMemory or WriteProcessMemory request was completed. (0x12B)
[1231/155823.104:ERROR:process_memory_win.cc(73)] ReadMemory at 0x4b6f9fd000 of 12288 bytes failed: Only part of a ReadProcessMemory or WriteProcessMemory request was completed. (0x12B)
[1231/155823.104:ERROR:process_memory_win.cc(73)] ReadMemory at 0x4b701fd000 of 12288 bytes failed: Only part of a ReadProcessMemory or WriteProcessMemory request was completed. (0x12B)
[1231/155823.104:ERROR:process_memory_win.cc(73)] ReadMemory at 0x4b709fc000 of 16384 bytes failed: Only part of a ReadProcessMemory or WriteProcessMemory request was completed. (0x12B)
[1231/155823.104:ERROR:process_memory_win.cc(73)] ReadMemory at 0x4b691b4000 of 852 bytes failed: Only part of a ReadProcessMemory or WriteProcessMemory request was completed. (0x12B)
[1231/155823.104:ERROR:process_memory_win.cc(73)] ReadMemory at 0x4b691b5000 of 6024 bytes failed: Only part of a ReadProcessMemory or WriteProcessMemory request was completed. (0x12B)
[1231/155823.104:ERROR:process_memory_win.cc(73)] ReadMemory at 0x4b691b7000 of 6024 bytes failed: Only part of a ReadProcessMemory or WriteProcessMemory request was completed. (0x12B)
[1231/155823.104:ERROR:process_memory_win.cc(73)] ReadMemory at 0x4b691b9000 of 6024 bytes failed: Only part of a ReadProcessMemory or WriteProcessMemory request was completed. (0x12B)
[1231/155823.104:ERROR:process_memory_win.cc(73)] ReadMemory at 0x4b691bb000 of 6024 bytes failed: Only part of a ReadProcessMemory or WriteProcessMemory request was completed. (0x12B)
[1231/155823.104:ERROR:process_memory_win.cc(73)] ReadMemory at 0x4b691bd000 of 6024 bytes failed: Only part of a ReadProcessMemory or WriteProcessMemory request was completed. (0x12B)
[1231/155823.104:ERROR:process_memory_win.cc(73)] ReadMemory at 0x4b691bf000 of 6024 bytes failed: Only part of a ReadProcessMemory or WriteProcessMemory request was completed. (0x12B)
[1231/155823.104:ERROR:process_memory_win.cc(73)] ReadMemory at 0x4b691c1000 of 6024 bytes failed: Only part of a ReadProcessMemory or WriteProcessMemory request was completed. (0x12B)
[1231/155823.104:ERROR:process_memory_win.cc(73)] ReadMemory at 0x4b691c3000 of 6024 bytes failed: Only part of a ReadProcessMemory or WriteProcessMemory request was completed. (0x12B)
[1231/155823.104:ERROR:process_memory_win.cc(73)] ReadMemory at 0x4b691c5000 of 6024 bytes failed: Only part of a ReadProcessMemory or WriteProcessMemory request was completed. (0x12B)
[1231/155823.104:ERROR:process_memory_win.cc(73)] ReadMemory at 0x4b691c7000 of 6024 bytes failed: Only part of a ReadProcessMemory or WriteProcessMemory request was completed. (0x12B)
[1231/155823.104:ERROR:process_memory_win.cc(73)] ReadMemory at 0x4b691c9000 of 6024 bytes failed: Only part of a ReadProcessMemory or WriteProcessMemory request was completed. (0x12B)
[1231/155823.104:ERROR:process_memory_win.cc(73)] ReadMemory at 0x4b691cb000 of 6024 bytes failed: Only part of a ReadProcessMemory or WriteProcessMemory request was completed. (0x12B)
[1231/155823.104:ERROR:process_memory_win.cc(73)] ReadMemory at 0x4b691cd000 of 6024 bytes failed: Only part of a ReadProcessMemory or WriteProcessMemory request was completed. (0x12B)
[1231/155823.104:ERROR:process_memory_win.cc(73)] ReadMemory at 0x4b691cf000 of 6024 bytes failed: Only part of a ReadProcessMemory or WriteProcessMemory request was completed. (0x12B)
[1231/155823.104:ERROR:process_memory_win.cc(73)] ReadMemory at 0x4b691d1000 of 6024 bytes failed: Only part of a ReadProcessMemory or WriteProcessMemory request was completed. (0x12B)
[1231/155823.104:ERROR:process_memory_win.cc(73)] ReadMemory at 0x12add712140 of 536 bytes failed: Only part of a ReadProcessMemory or WriteProcessMemory request was completed. (0x12B)
[1231/155823.104:ERROR:process_memory_win.cc(73)] ReadMemory at 0x18cae3f0750 of 80 bytes failed: Only part of a ReadProcessMemory or WriteProcessMemory request was completed. (0x12B)
[1231/155823.104:ERROR:process_memory_win.cc(73)] ReadMemory at 0x18cae3f0fe0 of 4716 bytes failed: Only part of a ReadProcessMemory or WriteProcessMemory request was completed. (0x12B)
[1231/155823.104:ERROR:process_memory_win.cc(73)] ReadMemory at 0x18cae3f2260 of 1012 bytes failed: Only part of a ReadProcessMemory or WriteProcessMemory request was completed. (0x12B)
[1231/155823.104:ERROR:process_memory_win.cc(73)] ReadMemory at 0x18cae3f28a8 of 118 bytes failed: Only part of a ReadProcessMemory or WriteProcessMemory request was completed. (0x12B)
[1231/155823.104:ERROR:process_memory_win.cc(73)] ReadMemory at 0x18cae3f2920 of 1400 bytes failed: Only part of a ReadProcessMemory or WriteProcessMemory request was completed. (0x12B)
[1231/155823.104:ERROR:process_memory_win.cc(73)] ReadMemory at 0x18cae3f2e9a of 118 bytes failed: Only part of a ReadProcessMemory or WriteProcessMemory request was completed. (0x12B)
[1231/155823.104:ERROR:process_memory_win.cc(73)] ReadMemory at 0x18cae3f2f12 of 96 bytes failed: Only part of a ReadProcessMemory or WriteProcessMemory request was completed. (0x12B)
[1231/155823.104:ERROR:process_memory_win.cc(73)] ReadMemory at 0x18cae3f2f80 of 58 bytes failed: Only part of a ReadProcessMemory or WriteProcessMemory request was completed. (0x12B)
[1231/155823.104:ERROR:process_memory_win.cc(73)] ReadMemory at 0x18cae3f3080 of 132 bytes failed: Only part of a ReadProcessMemory or WriteProcessMemory request was completed. (0x12B)
[1231/155823.104:ERROR:process_memory_win.cc(73)] ReadMemory at 0x18cae3f3210 of 132 bytes failed: Only part of a ReadProcessMemory or WriteProcessMemory request was completed. (0x12B)
[1231/155823.104:ERROR:process_memory_win.cc(73)] ReadMemory at 0x18cae3f33d0 of 124 bytes failed: Only part of a ReadProcessMemory or WriteProcessMemory request was completed. (0x12B)
[1231/155823.104:ERROR:process_memory_win.cc(73)] ReadMemory at 0x18cae3f37b0 of 132 bytes failed: Only part of a ReadProcessMemory or WriteProcessMemory request was completed. (0x12B)
[1231/155823.104:ERROR:process_memory_win.cc(73)] ReadMemory at 0x18cae3f3940 of 64 bytes failed: Only part of a ReadProcessMemory or WriteProcessMemory request was completed. (0x12B)
[1231/155823.104:ERROR:process_memory_win.cc(73)] ReadMemory at 0x18cae3f3990 of 132 bytes failed: Only part of a ReadProcessMemory or WriteProcessMemory request was completed. (0x12B)
[1231/155823.104:ERROR:process_memory_win.cc(73)] ReadMemory at 0x18cae3f3b00 of 132 bytes failed: Only part of a ReadProcessMemory or WriteProcessMemory request was completed. (0x12B)
[1231/155823.104:ERROR:process_memory_win.cc(73)] ReadMemory at 0x18cae3f3da0 of 132 bytes failed: Only part of a ReadProcessMemory or WriteProcessMemory request was completed. (0x12B)
[1231/155823.104:ERROR:process_memory_win.cc(73)] ReadMemory at 0x18cae3f3f30 of 68 bytes failed: Only part of a ReadProcessMemory or WriteProcessMemory request was completed. (0x12B)
[1231/155823.104:ERROR:process_memory_win.cc(73)] ReadMemory at 0x18cae3f5140 of 132 bytes failed: Only part of a ReadProcessMemory or WriteProcessMemory request was completed. (0x12B)
[1231/155823.104:ERROR:process_memory_win.cc(73)] ReadMemory at 0x18cae3f52d0 of 152 bytes failed: Only part of a ReadProcessMemory or WriteProcessMemory request was completed. (0x12B)
[1231/155823.104:ERROR:process_memory_win.cc(73)] ReadMemory at 0x18cae3f6010 of 62 bytes failed: Only part of a ReadProcessMemory or WriteProcessMemory request was completed. (0x12B)
[1231/155823.104:ERROR:process_memory_win.cc(73)] ReadMemory at 0x18cae3f6060 of 156 bytes failed: Only part of a ReadProcessMemory or WriteProcessMemory request was completed. (0x12B)
[1231/155823.109:ERROR:process_memory_win.cc(73)] ReadMemory at 0x18cae3f6140 of 132 bytes failed: Only part of a ReadProcessMemory or WriteProcessMemory request was completed. (0x12B)
[1231/155823.109:ERROR:process_memory_win.cc(73)] ReadMemory at 0x18cae3f62d0 of 60 bytes failed: Only part of a ReadProcessMemory or WriteProcessMemory request was completed. (0x12B)
[1231/155823.109:ERROR:process_memory_win.cc(73)] ReadMemory at 0x18cae3f6450 of 132 bytes failed: Only part of a ReadProcessMemory or WriteProcessMemory request was completed. (0x12B)
[1231/155823.109:ERROR:process_memory_win.cc(73)] ReadMemory at 0x18cae3f703a of 512 bytes failed: Only part of a ReadProcessMemory or WriteProcessMemory request was completed. (0x12B)
[1231/155823.109:ERROR:process_memory_win.cc(73)] ReadMemory at 0x18cae3f7450 of 132 bytes failed: Only part of a ReadProcessMemory or WriteProcessMemory request was completed. (0x12B)
[1231/155823.109:ERROR:process_memory_win.cc(73)] ReadMemory at 0x18cae3f76c0 of 132 bytes failed: Only part of a ReadProcessMemory or WriteProcessMemory request was completed. (0x12B)
[1231/155823.109:ERROR:process_memory_win.cc(73)] ReadMemory at 0x18cae3f78d0 of 132 bytes failed: Only part of a ReadProcessMemory or WriteProcessMemory request was completed. (0x12B)
[1231/155823.109:ERROR:process_memory_win.cc(73)] ReadMemory at 0x18cae3f7bb0 of 132 bytes failed: Only part of a ReadProcessMemory or WriteProcessMemory request was completed. (0x12B)
[1231/155823.109:ERROR:process_memory_win.cc(73)] ReadMemory at 0x18cae3f7f50 of 132 bytes failed: Only part of a ReadProcessMemory or WriteProcessMemory request was completed. (0x12B)
[1231/155823.109:ERROR:process_memory_win.cc(73)] ReadMemory at 0x18cae3faf40 of 64 bytes failed: Only part of a ReadProcessMemory or WriteProcessMemory request was completed. (0x12B)
[1231/155823.109:ERROR:process_memory_win.cc(73)] ReadMemory at 0x18cae3fb030 of 60 bytes failed: Only part of a ReadProcessMemory or WriteProcessMemory request was completed. (0x12B)
[1231/155823.109:ERROR:process_memory_win.cc(73)] ReadMemory at 0x18cae3fb120 of 66 bytes failed: Only part of a ReadProcessMemory or WriteProcessMemory request was completed. (0x12B)
[1231/155823.110:ERROR:process_memory_win.cc(73)] ReadMemory at 0x18cae3fb170 of 62 bytes failed: Only part of a ReadProcessMemory or WriteProcessMemory request was completed. (0x12B)
[1231/155823.110:ERROR:process_memory_win.cc(73)] ReadMemory at 0x18cae3fb1c0 of 64 bytes failed: Only part of a ReadProcessMemory or WriteProcessMemory request was completed. (0x12B)
[1231/155823.110:ERROR:process_memory_win.cc(73)] ReadMemory at 0x18cae3fb260 of 64 bytes failed: Only part of a ReadProcessMemory or WriteProcessMemory request was completed. (0x12B)
[1231/155823.110:ERROR:process_memory_win.cc(73)] ReadMemory at 0x18cae3fb2b0 of 62 bytes failed: Only part of a ReadProcessMemory or WriteProcessMemory request was completed. (0x12B)
[1231/155823.110:ERROR:process_memory_win.cc(73)] ReadMemory at 0x18cae3fb3f0 of 64 bytes failed: Only part of a ReadProcessMemory or WriteProcessMemory request was completed. (0x12B)
[1231/155823.110:ERROR:process_memory_win.cc(73)] ReadMemory at 0x18cae3fb490 of 60 bytes failed: Only part of a ReadProcessMemory or WriteProcessMemory request was completed. (0x12B)
[1231/155823.110:ERROR:process_memory_win.cc(73)] ReadMemory at 0x18cae3fb790 of 132 bytes failed: Only part of a ReadProcessMemory or WriteProcessMemory request was completed. (0x12B)
[1231/155823.110:ERROR:process_memory_win.cc(73)] ReadMemory at 0x18cae3fb8c0 of 132 bytes failed: Only part of a ReadProcessMemory or WriteProcessMemory request was completed. (0x12B)
[1231/155823.110:ERROR:process_memory_win.cc(73)] ReadMemory at 0x18cae3fb9f0 of 132 bytes failed: Only part of a ReadProcessMemory or WriteProcessMemory request was completed. (0x12B)
[1231/155823.110:ERROR:process_memory_win.cc(73)] ReadMemory at 0x18cae3fbb20 of 132 bytes failed: Only part of a ReadProcessMemory or WriteProcessMemory request was completed. (0x12B)
[1231/155823.110:ERROR:process_memory_win.cc(73)] ReadMemory at 0x18cae3fbc50 of 132 bytes failed: Only part of a ReadProcessMemory or WriteProcessMemory request was completed. (0x12B)
[1231/155823.110:ERROR:process_memory_win.cc(73)] ReadMemory at 0x18cae3fbd80 of 132 bytes failed: Only part of a ReadProcessMemory or WriteProcessMemory request was completed. (0x12B)
[1231/155823.110:ERROR:process_memory_win.cc(73)] ReadMemory at 0x18cae3fbeb0 of 132 bytes failed: Only part of a ReadProcessMemory or WriteProcessMemory request was completed. (0x12B)
[1231/155823.110:ERROR:process_memory_win.cc(73)] ReadMemory at 0x18cae3fbfe0 of 132 bytes failed: Only part of a ReadProcessMemory or WriteProcessMemory request was completed. (0x12B)
[1231/155823.110:ERROR:process_memory_win.cc(73)] ReadMemory at 0x18cae3fc110 of 132 bytes failed: Only part of a ReadProcessMemory or WriteProcessMemory request was completed. (0x12B)
[1231/155823.110:ERROR:process_memory_win.cc(73)] ReadMemory at 0x18cae3fc240 of 132 bytes failed: Only part of a ReadProcessMemory or WriteProcessMemory request was completed. (0x12B)
[1231/155823.111:ERROR:process_memory_win.cc(73)] ReadMemory at 0x18cae3fc370 of 132 bytes failed: Only part of a ReadProcessMemory or WriteProcessMemory request was completed. (0x12B)
[1231/155823.111:ERROR:process_memory_win.cc(73)] ReadMemory at 0x18cae3fc4a0 of 132 bytes failed: Only part of a ReadProcessMemory or WriteProcessMemory request was completed. (0x12B)
[1231/155823.111:ERROR:process_memory_win.cc(73)] ReadMemory at 0x18cae3fda00 of 54 bytes failed: Only part of a ReadProcessMemory or WriteProcessMemory request was completed. (0x12B)
[1231/155823.111:ERROR:process_memory_win.cc(73)] ReadMemory at 0x18cae3fea50 of 132 bytes failed: Only part of a ReadProcessMemory or WriteProcessMemory request was completed. (0x12B)
[1231/155823.111:ERROR:process_memory_win.cc(73)] ReadMemory at 0x18cae4001b0 of 132 bytes failed: Only part of a ReadProcessMemory or WriteProcessMemory request was completed. (0x12B)
[1231/155823.111:ERROR:process_memory_win.cc(73)] ReadMemory at 0x18cae404750 of 132 bytes failed: Only part of a ReadProcessMemory or WriteProcessMemory request was completed. (0x12B)
[1231/155823.111:ERROR:process_memory_win.cc(73)] ReadMemory at 0x18cae4053d0 of 78 bytes failed: Only part of a ReadProcessMemory or WriteProcessMemory request was completed. (0x12B)
[1231/155823.111:ERROR:process_memory_win.cc(73)] ReadMemory at 0x18cae4054f0 of 76 bytes failed: Only part of a ReadProcessMemory or WriteProcessMemory request was completed. (0x12B)
[1231/155823.111:ERROR:process_memory_win.cc(73)] ReadMemory at 0x18cae405fb0 of 62 bytes failed: Only part of a ReadProcessMemory or WriteProcessMemory request was completed. (0x12B)
[1231/155823.111:ERROR:process_memory_win.cc(73)] ReadMemory at 0x18cae406000 of 62 bytes failed: Only part of a ReadProcessMemory or WriteProcessMemory request was completed. (0x12B)
[1231/155823.111:ERROR:process_memory_win.cc(73)] ReadMemory at 0x18cae406050 of 60 bytes failed: Only part of a ReadProcessMemory or WriteProcessMemory request was completed. (0x12B)
[1231/155823.112:ERROR:process_memory_win.cc(73)] ReadMemory at 0x18cae406280 of 64 bytes failed: Only part of a ReadProcessMemory or WriteProcessMemory request was completed. (0x12B)
[1231/155823.112:ERROR:process_memory_win.cc(73)] ReadMemory at 0x18cae4062d0 of 62 bytes failed: Only part of a ReadProcessMemory or WriteProcessMemory request was completed. (0x12B)
[1231/155823.112:ERROR:process_memory_win.cc(73)] ReadMemory at 0x18cae406320 of 58 bytes failed: Only part of a ReadProcessMemory or WriteProcessMemory request was completed. (0x12B)
[1231/155823.112:ERROR:process_memory_win.cc(73)] ReadMemory at 0x18cae4063c0 of 62 bytes failed: Only part of a ReadProcessMemory or WriteProcessMemory request was completed. (0x12B)
[1231/155823.112:ERROR:process_memory_win.cc(73)] ReadMemory at 0x18cae406410 of 64 bytes failed: Only part of a ReadProcessMemory or WriteProcessMemory request was completed. (0x12B)
[1231/155823.112:ERROR:process_memory_win.cc(73)] ReadMemory at 0x18cae406460 of 64 bytes failed: Only part of a ReadProcessMemory or WriteProcessMemory request was completed. (0x12B)
[1231/155823.112:ERROR:process_memory_win.cc(73)] ReadMemory at 0x18cae4064b0 of 60 bytes failed: Only part of a ReadProcessMemory or WriteProcessMemory request was completed. (0x12B)
[1231/155823.112:ERROR:process_memory_win.cc(73)] ReadMemory at 0x18cae4065a0 of 60 bytes failed: Only part of a ReadProcessMemory or WriteProcessMemory request was completed. (0x12B)
[1231/155823.112:ERROR:process_memory_win.cc(73)] ReadMemory at 0x18cae4065f0 of 64 bytes failed: Only part of a ReadProcessMemory or WriteProcessMemory request was completed. (0x12B)
[1231/155823.112:ERROR:process_memory_win.cc(73)] ReadMemory at 0x18cae406640 of 62 bytes failed: Only part of a ReadProcessMemory or WriteProcessMemory request was completed. (0x12B)
[1231/155823.112:ERROR:process_memory_win.cc(73)] ReadMemory at 0x18cae406690 of 60 bytes failed: Only part of a ReadProcessMemory or WriteProcessMemory request was completed. (0x12B)
[1231/155823.112:ERROR:process_memory_win.cc(73)] ReadMemory at 0x18cae4067d0 of 66 bytes failed: Only part of a ReadProcessMemory or WriteProcessMemory request was completed. (0x12B)
[1231/155823.112:ERROR:process_memory_win.cc(73)] ReadMemory at 0x18cae406870 of 62 bytes failed: Only part of a ReadProcessMemory or WriteProcessMemory request was completed. (0x12B)
[1231/155823.112:ERROR:process_memory_win.cc(73)] ReadMemory at 0x18cae4069b0 of 62 bytes failed: Only part of a ReadProcessMemory or WriteProcessMemory request was completed. (0x12B)
[1231/155823.112:ERROR:process_memory_win.cc(73)] ReadMemory at 0x18cae406af0 of 64 bytes failed: Only part of a ReadProcessMemory or WriteProcessMemory request was completed. (0x12B)
[1231/155823.113:ERROR:process_memory_win.cc(73)] ReadMemory at 0x18cae406b40 of 62 bytes failed: Only part of a ReadProcessMemory or WriteProcessMemory request was completed. (0x12B)
[1231/155823.113:ERROR:process_memory_win.cc(73)] ReadMemory at 0x18cae406be0 of 62 bytes failed: Only part of a ReadProcessMemory or WriteProcessMemory request was completed. (0x12B)
[1231/155823.113:ERROR:process_memory_win.cc(73)] ReadMemory at 0x18cae406c80 of 58 bytes failed: Only part of a ReadProcessMemory or WriteProcessMemory request was completed. (0x12B)
[1231/155823.113:ERROR:process_memory_win.cc(73)] ReadMemory at 0x18cae4077f0 of 132 bytes failed: Only part of a ReadProcessMemory or WriteProcessMemory request was completed. (0x12B)
[1231/155823.113:ERROR:process_memory_win.cc(73)] ReadMemory at 0x18cae407920 of 132 bytes failed: Only part of a ReadProcessMemory or WriteProcessMemory request was completed. (0x12B)
[1231/155823.113:ERROR:process_memory_win.cc(73)] ReadMemory at 0x18cae407a50 of 132 bytes failed: Only part of a ReadProcessMemory or WriteProcessMemory request was completed. (0x12B)
[1231/155823.113:ERROR:process_memory_win.cc(73)] ReadMemory at 0x18cae407b80 of 132 bytes failed: Only part of a ReadProcessMemory or WriteProcessMemory request was completed. (0x12B)
[1231/155823.113:ERROR:process_memory_win.cc(73)] ReadMemory at 0x18cae407cb0 of 132 bytes failed: Only part of a ReadProcessMemory or WriteProcessMemory request was completed. (0x12B)
[1231/155823.113:ERROR:process_memory_win.cc(73)] ReadMemory at 0x18cae407de0 of 132 bytes failed: Only part of a ReadProcessMemory or WriteProcessMemory request was completed. (0x12B)
[1231/155823.113:ERROR:process_memory_win.cc(73)] ReadMemory at 0x18cae407f10 of 132 bytes failed: Only part of a ReadProcessMemory or WriteProcessMemory request was completed. (0x12B)
[1231/155823.113:ERROR:process_memory_win.cc(73)] ReadMemory at 0x18cae408040 of 132 bytes failed: Only part of a ReadProcessMemory or WriteProcessMemory request was completed. (0x12B)
[1231/155823.113:ERROR:process_memory_win.cc(73)] ReadMemory at 0x18cae408170 of 132 bytes failed: Only part of a ReadProcessMemory or WriteProcessMemory request was completed. (0x12B)
[1231/155823.113:ERROR:process_memory_win.cc(73)] ReadMemory at 0x18cae4082a0 of 132 bytes failed: Only part of a ReadProcessMemory or WriteProcessMemory request was completed. (0x12B)
[1231/155823.113:ERROR:process_memory_win.cc(73)] ReadMemory at 0x18cae4083d0 of 132 bytes failed: Only part of a ReadProcessMemory or WriteProcessMemory request was completed. (0x12B)
[1231/155823.113:ERROR:process_memory_win.cc(73)] ReadMemory at 0x18cae408500 of 132 bytes failed: Only part of a ReadProcessMemory or WriteProcessMemory request was completed. (0x12B)
[1231/155823.113:ERROR:process_memory_win.cc(73)] ReadMemory at 0x18cae408630 of 132 bytes failed: Only part of a ReadProcessMemory or WriteProcessMemory request was completed. (0x12B)
[1231/155823.113:ERROR:process_memory_win.cc(73)] ReadMemory at 0x18cae408760 of 132 bytes failed: Only part of a ReadProcessMemory or WriteProcessMemory request was completed. (0x12B)
[1231/155823.113:ERROR:process_memory_win.cc(73)] ReadMemory at 0x18cae408890 of 132 bytes failed: Only part of a ReadProcessMemory or WriteProcessMemory request was completed. (0x12B)
[1231/155823.113:ERROR:process_memory_win.cc(73)] ReadMemory at 0x18cae4089c0 of 132 bytes failed: Only part of a ReadProcessMemory or WriteProcessMemory request was completed. (0x12B)
[1231/155823.113:ERROR:process_memory_win.cc(73)] ReadMemory at 0x18cae408c20 of 132 bytes failed: Only part of a ReadProcessMemory or WriteProcessMemory request was completed. (0x12B)
[1231/155823.113:ERROR:process_memory_win.cc(73)] ReadMemory at 0x18cae409340 of 132 bytes failed: Only part of a ReadProcessMemory or WriteProcessMemory request was completed. (0x12B)
[1231/155823.113:ERROR:process_memory_win.cc(73)] ReadMemory at 0x18cae409470 of 132 bytes failed: Only part of a ReadProcessMemory or WriteProcessMemory request was completed. (0x12B)
[1231/155823.113:ERROR:process_memory_win.cc(73)] ReadMemory at 0x18cae4095a0 of 132 bytes failed: Only part of a ReadProcessMemory or WriteProcessMemory request was completed. (0x12B)
[1231/155823.113:ERROR:process_memory_win.cc(73)] ReadMemory at 0x18cae4193b0 of 60 bytes failed: Only part of a ReadProcessMemory or WriteProcessMemory request was completed. (0x12B)
[1231/155823.113:ERROR:process_memory_win.cc(73)] ReadMemory at 0x18cae419680 of 60 bytes failed: Only part of a ReadProcessMemory or WriteProcessMemory request was completed. (0x12B)
[1231/155823.113:ERROR:process_memory_win.cc(73)] ReadMemory at 0x18cae419720 of 62 bytes failed: Only part of a ReadProcessMemory or WriteProcessMemory request was completed. (0x12B)
[1231/155823.113:ERROR:process_memory_win.cc(73)] ReadMemory at 0x18cae419b30 of 62 bytes failed: Only part of a ReadProcessMemory or WriteProcessMemory request was completed. (0x12B)
[1231/155823.113:ERROR:process_memory_win.cc(73)] ReadMemory at 0x18cae419cc0 of 58 bytes failed: Only part of a ReadProcessMemory or WriteProcessMemory request was completed. (0x12B)
[1231/155823.113:ERROR:process_memory_win.cc(73)] ReadMemory at 0x18cae419d10 of 58 bytes failed: Only part of a ReadProcessMemory or WriteProcessMemory request was completed. (0x12B)
[1231/155823.113:ERROR:process_memory_win.cc(73)] ReadMemory at 0x18cae419ea0 of 66 bytes failed: Only part of a ReadProcessMemory or WriteProcessMemory request was completed. (0x12B)
[1231/155823.113:ERROR:process_memory_win.cc(73)] ReadMemory at 0x18cae423eb0 of 512 bytes failed: Only part of a ReadProcessMemory or WriteProcessMemory request was completed. (0x12B)
[1231/155823.113:ERROR:process_memory_win.cc(73)] ReadMemory at 0x18cae4252b0 of 512 bytes failed: Only part of a ReadProcessMemory or WriteProcessMemory request was completed. (0x12B)
[1231/155823.113:ERROR:process_memory_win.cc(73)] ReadMemory at 0x18cae5a0dc0 of 512 bytes failed: Only part of a ReadProcessMemory or WriteProcessMemory request was completed. (0x12B)
[1231/155823.113:ERROR:process_memory_win.cc(73)] ReadMemory at 0x18cae5a1840 of 512 bytes failed: Only part of a ReadProcessMemory or WriteProcessMemory request was completed. (0x12B)
[1231/155823.113:ERROR:process_memory_win.cc(73)] ReadMemory at 0x18cae6e6df0 of 608 bytes failed: Only part of a ReadProcessMemory or WriteProcessMemory request was completed. (0x12B)
[1231/155823.113:ERROR:process_memory_win.cc(73)] ReadMemory at 0x18cae6e7578 of 512 bytes failed: Only part of a ReadProcessMemory or WriteProcessMemory request was completed. (0x12B)
[1231/155823.113:ERROR:process_memory_win.cc(73)] ReadMemory at 0x18cae6f5bb0 of 512 bytes failed: Only part of a ReadProcessMemory or WriteProcessMemory request was completed. (0x12B)
[1231/155823.113:ERROR:process_memory_win.cc(73)] ReadMemory at 0x18cae70f620 of 712 bytes failed: Only part of a ReadProcessMemory or WriteProcessMemory request was completed. (0x12B)
[1231/155823.113:ERROR:process_memory_win.cc(73)] ReadMemory at 0x18cae9c8f10 of 512 bytes failed: Only part of a ReadProcessMemory or WriteProcessMemory request was completed. (0x12B)
[1231/155823.113:ERROR:process_memory_win.cc(73)] ReadMemory at 0x18cb077d4e0 of 512 bytes failed: Only part of a ReadProcessMemory or WriteProcessMemory request was completed. (0x12B)
[1231/155823.113:ERROR:process_memory_win.cc(73)] ReadMemory at 0x18cb07a3ba8 of 512 bytes failed: Only part of a ReadProcessMemory or WriteProcessMemory request was completed. (0x12B)
[1231/155823.113:ERROR:process_memory_win.cc(73)] ReadMemory at 0x18cb07a3e78 of 512 bytes failed: Only part of a ReadProcessMemory or WriteProcessMemory request was completed. (0x12B)
[1231/155823.113:ERROR:process_memory_win.cc(73)] ReadMemory at 0x18cb07a4bf8 of 512 bytes failed: Only part of a ReadProcessMemory or WriteProcessMemory request was completed. (0x12B)
[1231/155823.113:ERROR:process_memory_win.cc(73)] ReadMemory at 0x18cb07b4030 of 512 bytes failed: Only part of a ReadProcessMemory or WriteProcessMemory request was completed. (0x12B)
[1231/155823.113:ERROR:process_memory_win.cc(73)] ReadMemory at 0x18cb0d0e3e0 of 512 bytes failed: Only part of a ReadProcessMemory or WriteProcessMemory request was completed. (0x12B)
[1231/155823.113:ERROR:process_memory_win.cc(73)] ReadMemory at 0x18cb0e2c110 of 512 bytes failed: Only part of a ReadProcessMemory or WriteProcessMemory request was completed. (0x12B)
[1231/155823.113:ERROR:process_memory_win.cc(73)] ReadMemory at 0x18cb0e2cdd0 of 512 bytes failed: Only part of a ReadProcessMemory or WriteProcessMemory request was completed. (0x12B)
[1231/155823.113:ERROR:process_memory_win.cc(73)] ReadMemory at 0x18cb1dd9340 of 512 bytes failed: Only part of a ReadProcessMemory or WriteProcessMemory request was completed. (0x12B)
[1231/155823.113:ERROR:process_memory_win.cc(73)] ReadMemory at 0x2a39865efb0 of 520 bytes failed: Only part of a ReadProcessMemory or WriteProcessMemory request was completed. (0x12B)
[1231/155823.113:ERROR:process_memory_win.cc(73)] ReadMemory at 0x7ffc2ca6eeac of 512 bytes failed: Only part of a ReadProcessMemory or WriteProcessMemory request was completed. (0x12B)
[1231/155823.113:ERROR:process_memory_win.cc(73)] ReadMemory at 0x7ffc2f83392b of 512 bytes failed: Only part of a ReadProcessMemory or WriteProcessMemory request was completed. (0x12B)
[1231/155823.116:ERROR:process_memory_win.cc(73)] ReadMemory at 0x7ffc6426a7b9 of 512 bytes failed: Only part of a ReadProcessMemory or WriteProcessMemory request was completed. (0x12B)
[1231/155823.116:ERROR:process_memory_win.cc(73)] ReadMemory at 0x7ffc6449b6d0 of 512 bytes failed: Only part of a ReadProcessMemory or WriteProcessMemory request was completed. (0x12B)
[1231/155823.116:ERROR:process_memory_win.cc(73)] ReadMemory at 0x7ffc6689c0c4 of 672 bytes failed: Only part of a ReadProcessMemory or WriteProcessMemory request was completed. (0x12B)
[1231/155823.116:ERROR:process_memory_win.cc(73)] ReadMemory at 0x7ffc6689c6c4 of 512 bytes failed: Only part of a ReadProcessMemory or WriteProcessMemory request was completed. (0x12B)
[1231/155823.116:ERROR:process_memory_win.cc(73)] ReadMemory at 0x7ffc6689f974 of 608 bytes failed: Only part of a ReadProcessMemory or WriteProcessMemory request was completed. (0x12B)
[1231/155823.116:ERROR:process_memory_win.cc(73)] ReadMemory at 0x7ffc6692c428 of 18 bytes failed: Only part of a ReadProcessMemory or WriteProcessMemory request was completed. (0x12B)
[1231/155823.116:ERROR:process_memory_win.cc(73)] ReadMemory at 0x7ffc6695f4f8 of 40 bytes failed: Only part of a ReadProcessMemory or WriteProcessMemory request was completed. (0x12B)
[1231/155823.116:ERROR:process_memory_win.cc(73)] ReadMemory at 0x7ffc6695f978 of 48 bytes failed: Only part of a ReadProcessMemory or WriteProcessMemory request was completed. (0x12B)
[1231/155823.116:ERROR:process_memory_win.cc(73)] ReadMemory at 0x7ffc669653c0 of 64 bytes failed: Only part of a ReadProcessMemory or WriteProcessMemory request was completed. (0x12B)
[1231/155823.120:ERROR:scoped_process_suspend.cc(40)] NtResumeProcess: An attempt was made to access an exiting process. (0xc000010a)
